<?xml version="1.0" encoding="UTF-8"?>
<!-- Generated by org.testng.reporters.JUnitReportReporter -->
<testsuite hostname="DESKTOP-OT8OU31" name="seleniumnaveenprj.Screenshot" tests="1" failures="0" timestamp="22 May 2018 10:04:44 GMT" time="12.573" errors="0">
  <testcase name="TestJavaS1" time="12.573" classname="seleniumnaveenprj.Screenshot"/>
</testsuite> <!-- seleniumnaveenprj.Screenshot -->
